<?xml version="1.0" encoding="UTF-8"?>
<!-- Generated by org.testng.reporters.JUnitReportReporter -->
<testsuite hostname="DESKTOP-6QN392I" failures="0" tests="1" name="testng.SampleTest" time="0.028" errors="0" timestamp="2024-08-29T16:34:46 IST" skipped="0">
  <testcase classname="testng.SampleTest" name="demo" time="0.028"/>
  <system-out>
    <![CDATA[Hello World!]]>
  </system-out>
</testsuite> <!-- testng.SampleTest -->
